<?xml version="1.0" encoding="UTF-8"?>
<testng-results skipped="0" failed="0" ignored="0" total="1" passed="1">
  <reporter-output>
    <line>
      <![CDATA[Ebay searched is successfull,true]]>
    </line>
  </reporter-output>
  <suite name="Suite" duration-ms="68203" started-at="2020-08-16T12:15:46 PDT" finished-at="2020-08-16T12:16:54 PDT">
    <groups>
    </groups>
    <test name="Test" duration-ms="68203" started-at="2020-08-16T12:15:46 PDT" finished-at="2020-08-16T12:16:54 PDT">
      <class name="myDemo1.myTest1">
        <test-method status="PASS" signature="Search()[pri:0, instance:myDemo1.myTest1@5abca1e0]" name="Search" duration-ms="68091" started-at="2020-08-16T12:15:46 PDT" finished-at="2020-08-16T12:16:54 PDT">
          <reporter-output>
            <line>
              <![CDATA[Ebay searched is successfull,true]]>
            </line>
          </reporter-output>
        </test-method> <!-- Search -->
      </class> <!-- myDemo1.myTest1 -->
    </test> <!-- Test -->
  </suite> <!-- Suite -->
</testng-results>
